mcaproject/app/build/intermediates/manifest_merge_blame_file/debug/manifest-merger-blame-debug-report.txt
1<?xml version="1.0" encoding="utf-8"?>
2<manifest xmlns:android="http://schemas.android.com/apk/res/android"
3    package="com.example.androidattendancesystem"
4    android:versionCode="1"
5    android:versionName="1.0" >
6
7    <uses-sdk
8        android:minSdkVersion="14"
8-->src\main\AndroidManifest.xml
9        android:targetSdkVersion="32" />
9-->src\main\AndroidManifest.xml
10
11    <application
11-->src\main\AndroidManifest.xml:6:5-70:19
12        android:name="com.android.attendance.context.ApplicationContext"
12-->src\main\AndroidManifest.xml:7:10-74
13        android:allowBackup="true"
13-->src\main\AndroidManifest.xml:8:9-35
14        android:debuggable="true"
15        android:icon="@drawable/ic_launcher"
15-->src\main\AndroidManifest.xml:9:9-45
16        android:label="@string/app_name"
16-->src\main\AndroidManifest.xml:10:9-41
17        android:testOnly="true"
18        android:theme="@style/AppTheme" >
18-->src\main\AndroidManifest.xml:11:9-40
19        <activity
19-->src\main\AndroidManifest.xml:12:9-20:20
20            android:name="com.android.attendance.activity.MainActivity"
20-->src\main\AndroidManifest.xml:13:13-72
21            android:exported="true"
21-->src\main\AndroidManifest.xml:13:73-96
22            android:label="@string/app_name" >
22-->src\main\AndroidManifest.xml:14:13-45
23            <intent-filter>
23-->src\main\AndroidManifest.xml:15:13-19:29
24                <action android:name="android.intent.action.MAIN" />
24-->src\main\AndroidManifest.xml:16:17-69
24-->src\main\AndroidManifest.xml:16:25-66
25
26                <category android:name="android.intent.category.LAUNCHER" />
26-->src\main\AndroidManifest.xml:18:17-77
26-->src\main\AndroidManifest.xml:18:27-74
27            </intent-filter>
28        </activity>
29        <activity
29-->src\main\AndroidManifest.xml:21:10-24:20
30            android:name="com.android.attendance.activity.LoginActivity"
30-->src\main\AndroidManifest.xml:22:13-73
31            android:label="@string/app_name" >
31-->src\main\AndroidManifest.xml:23:13-45
32        </activity>
33        <activity
33-->src\main\AndroidManifest.xml:25:10-28:20
34            android:name="com.android.attendance.activity.MenuActivity"
34-->src\main\AndroidManifest.xml:26:13-72
35            android:label="@string/app_name" >
35-->src\main\AndroidManifest.xml:27:13-45
36        </activity>
37        <activity
37-->src\main\AndroidManifest.xml:29:10-32:20
38            android:name="com.android.attendance.activity.AddFacultyActivity"
38-->src\main\AndroidManifest.xml:30:13-78
39            android:label="@string/app_name" >
39-->src\main\AndroidManifest.xml:31:13-45
40        </activity>
41        <activity
41-->src\main\AndroidManifest.xml:33:9-36:20
42            android:name="com.android.attendance.activity.AddStudentActivity"
42-->src\main\AndroidManifest.xml:34:13-78
43            android:label="@string/app_name" >
43-->src\main\AndroidManifest.xml:35:13-45
44        </activity>
45        <activity
45-->src\main\AndroidManifest.xml:37:9-40:20
46            android:name="com.android.attendance.activity.ViewFacultyActivity"
46-->src\main\AndroidManifest.xml:38:13-79
47            android:label="@string/app_name" >
47-->src\main\AndroidManifest.xml:39:13-45
48        </activity>
49        <activity
49-->src\main\AndroidManifest.xml:41:9-44:20
50            android:name="com.android.attendance.activity.ViewStudentActivity"
50-->src\main\AndroidManifest.xml:42:13-79
51            android:label="@string/app_name" >
51-->src\main\AndroidManifest.xml:43:13-45
52        </activity>
53        <activity
53-->src\main\AndroidManifest.xml:45:9-48:20
54            android:name="com.android.attendance.activity.TestActivity"
54-->src\main\AndroidManifest.xml:46:13-72
55            android:label="@string/app_name" >
55-->src\main\AndroidManifest.xml:47:13-45
56        </activity>
57        <activity
57-->src\main\AndroidManifest.xml:49:10-52:20
58            android:name="com.android.attendance.activity.ViewStudentByBranchYear"
58-->src\main\AndroidManifest.xml:50:13-83
59            android:label="@string/app_name" >
59-->src\main\AndroidManifest.xml:51:13-45
60        </activity>
61        <activity
61-->src\main\AndroidManifest.xml:53:11-56:20
62            android:name="com.android.attendance.activity.AddAttandanceSessionActivity"
62-->src\main\AndroidManifest.xml:54:13-88
63            android:label="@string/app_name" >
63-->src\main\AndroidManifest.xml:55:13-45
64        </activity>
65        <activity
65-->src\main\AndroidManifest.xml:57:10-60:20
66            android:name="com.android.attendance.activity.AddAttendanceActivity"
66-->src\main\AndroidManifest.xml:58:13-81
67            android:label="@string/app_name" >
67-->src\main\AndroidManifest.xml:59:13-45
68        </activity>
69        <activity
69-->src\main\AndroidManifest.xml:61:10-64:20
70            android:name="com.android.attendance.activity.ViewAttendanceByFacultyActivity"
70-->src\main\AndroidManifest.xml:62:13-91
71            android:label="@string/app_name" >
71-->src\main\AndroidManifest.xml:63:13-45
72        </activity>
73        <activity
73-->src\main\AndroidManifest.xml:65:10-68:20
74            android:name="com.android.attendance.activity.ViewAttendancePerStudentActivity"
74-->src\main\AndroidManifest.xml:66:13-92
75            android:label="@string/app_name" >
75-->src\main\AndroidManifest.xml:67:13-45
76        </activity>
77
78        <meta-data
78-->[com.android.support:support-v4:26.1.0] AndroidManifest.xml:26:9-28:38
79            android:name="android.support.VERSION"
79-->[com.android.support:support-v4:26.1.0] AndroidManifest.xml:27:13-51
80            android:value="26.1.0" />
80-->[com.android.support:support-v4:26.1.0] AndroidManifest.xml:28:13-35
81        <meta-data
81-->[android.arch.lifecycle:runtime:1.0.0] AndroidManifest.xml:25:9-27:47
82            android:name="android.arch.lifecycle.VERSION"
82-->[android.arch.lifecycle:runtime:1.0.0] AndroidManifest.xml:26:13-58
83            android:value="27.0.0-SNAPSHOT" />
83-->[android.arch.lifecycle:runtime:1.0.0] AndroidManifest.xml:27:13-44
84    </application>
85
86</manifest>